[2019.10.30 11:18:48][xx-XX][INFO ][181] === BEGIN [PID 26561] 
[2019.10.30 11:18:48][xx-XX][INFO ][184] Checking configuration file
[2019.10.30 11:18:48][xx-XX][INFO ][187] Reading configuration file configuration.sh
[2019.10.30 11:18:48][af-ZA][INFO ][209] Check sandbox directory is where this is launched from
[2019.10.30 11:18:48][af-ZA][INFO ][231] Get branch 3.9.12v1
[2019.10.30 11:18:48][af-ZA][INFO ][265] Copying Source Files from af-ZA_joomla_lang/administrator into admin
[2019.10.30 11:18:49][af-ZA][INFO ][269] Copying Source Files from af-ZA_joomla_lang/language into site
[2019.10.30 11:18:49][af-ZA][INFO ][273] Copying Source Files from af-ZA_joomla_lang/libraries into site
[2019.10.30 11:18:49][af-ZA][INFO ][275] Copying Source Files from af-ZA_joomla_lang/plugins into site
[2019.10.30 11:18:49][af-ZA][INFO ][277] Copying Source Files from af-ZA_joomla_lang/templates into site
[2019.10.30 11:18:49][af-ZA][INFO ][561] Make file /home/gerrit/git/af-ZA_joomla_lang/utilities/../.build/admin/index.html
[2019.10.30 11:18:49][af-ZA][INFO ][563] Make file /home/gerrit/git/af-ZA_joomla_lang/utilities/../.build/site/index.html
[2019.10.30 11:18:49][af-ZA][INFO ][565] Make file /home/gerrit/git/af-ZA_joomla_lang/utilities/../.build/site/af-ZA.xml
[2019.10.30 11:18:49][af-ZA][INFO ][297] Create /home/gerrit/git/af-ZA_joomla_lang/utilities/../.build/site/af-ZA.xml XML File for 'site' language pack
[2019.10.30 11:18:49][af-ZA][DEBUG][298] MkXMLInstallHeader site - filename: /home/gerrit/git/af-ZA_joomla_lang/utilities/../.build/site/af-ZA.xml 
[2019.10.30 11:18:49][af-ZA][INFO ][567] Make file /home/gerrit/git/af-ZA_joomla_lang/utilities/../.build/admin/af-ZA.xml
[2019.10.30 11:18:49][af-ZA][INFO ][297] Create /home/gerrit/git/af-ZA_joomla_lang/utilities/../.build/admin/af-ZA.xml XML File for 'admin' language pack
[2019.10.30 11:18:49][af-ZA][DEBUG][298] MkXMLInstallHeader admin - filename: /home/gerrit/git/af-ZA_joomla_lang/utilities/../.build/admin/af-ZA.xml 
[2019.10.30 11:18:49][af-ZA][INFO ][570] Make file /home/gerrit/git/af-ZA_joomla_lang/utilities/../.build/admin/install.xml
[2019.10.30 11:18:49][af-ZA][INFO ][338] Create /home/gerrit/git/af-ZA_joomla_lang/utilities/../.build/admin/install.xml XML header for 'admin' language pack
[2019.10.30 11:18:49][af-ZA][DEBUG][339] MkXMLInstallHeader admin - filename: /home/gerrit/git/af-ZA_joomla_lang/utilities/../.build/admin/install.xml 
[2019.10.30 11:18:49][af-ZA][INFO ][381] Create /home/gerrit/git/af-ZA_joomla_lang/utilities/../.build/admin/install.xml long description for 'admin' language pack
[2019.10.30 11:18:49][af-ZA][DEBUG][382] MkXMLInstallDescription admin - filename: /home/gerrit/git/af-ZA_joomla_lang/utilities/../.build/admin/install.xml 
[2019.10.30 11:18:49][af-ZA][INFO ][469] Create file list in /home/gerrit/git/af-ZA_joomla_lang/utilities/../.build/admin/install.xml file for 'admin' language pack
[2019.10.30 11:18:49][af-ZA][DEBUG][470] MkXMLInstallFileList admin - filename: /home/gerrit/git/af-ZA_joomla_lang/utilities/../.build/admin/install.xml 
[2019.10.30 11:18:49][af-ZA][INFO ][529] Create /home/gerrit/git/af-ZA_joomla_lang/utilities/../.build/admin/install.xml header for 'admin' language pack
[2019.10.30 11:18:49][af-ZA][DEBUG][530] MkXMLInstallFileFooter admin - filename: /home/gerrit/git/af-ZA_joomla_lang/utilities/../.build/admin/install.xml 
[2019.10.30 11:18:49][af-ZA][INFO ][576] Make file /home/gerrit/git/af-ZA_joomla_lang/utilities/../.build/site/install.xml
[2019.10.30 11:18:49][af-ZA][INFO ][338] Create /home/gerrit/git/af-ZA_joomla_lang/utilities/../.build/site/install.xml XML header for 'site' language pack
[2019.10.30 11:18:49][af-ZA][DEBUG][339] MkXMLInstallHeader site - filename: /home/gerrit/git/af-ZA_joomla_lang/utilities/../.build/site/install.xml 
[2019.10.30 11:18:49][af-ZA][INFO ][381] Create /home/gerrit/git/af-ZA_joomla_lang/utilities/../.build/site/install.xml long description for 'site' language pack
[2019.10.30 11:18:49][af-ZA][DEBUG][382] MkXMLInstallDescription site - filename: /home/gerrit/git/af-ZA_joomla_lang/utilities/../.build/site/install.xml 
[2019.10.30 11:18:49][af-ZA][INFO ][469] Create file list in /home/gerrit/git/af-ZA_joomla_lang/utilities/../.build/site/install.xml file for 'site' language pack
[2019.10.30 11:18:49][af-ZA][DEBUG][470] MkXMLInstallFileList site - filename: /home/gerrit/git/af-ZA_joomla_lang/utilities/../.build/site/install.xml 
[2019.10.30 11:18:49][af-ZA][INFO ][529] Create /home/gerrit/git/af-ZA_joomla_lang/utilities/../.build/site/install.xml header for 'site' language pack
[2019.10.30 11:18:49][af-ZA][DEBUG][530] MkXMLInstallFileFooter site - filename: /home/gerrit/git/af-ZA_joomla_lang/utilities/../.build/site/install.xml 
[2019.10.30 11:18:49][af-ZA][INFO ][582] Make file /home/gerrit/git/af-ZA_joomla_lang/utilities/../.build/pkg_af-ZA.xml
[2019.10.30 11:18:49][af-ZA][INFO ][338] Create /home/gerrit/git/af-ZA_joomla_lang/utilities/../.build/pkg_af-ZA.xml XML header for 'full' language pack
[2019.10.30 11:18:49][af-ZA][DEBUG][339] MkXMLInstallHeader full - filename: /home/gerrit/git/af-ZA_joomla_lang/utilities/../.build/pkg_af-ZA.xml 
[2019.10.30 11:18:49][af-ZA][INFO ][381] Create /home/gerrit/git/af-ZA_joomla_lang/utilities/../.build/pkg_af-ZA.xml long description for 'full' language pack
[2019.10.30 11:18:49][af-ZA][DEBUG][382] MkXMLInstallDescription full - filename: /home/gerrit/git/af-ZA_joomla_lang/utilities/../.build/pkg_af-ZA.xml 
[2019.10.30 11:18:49][af-ZA][INFO ][390] Checking if /home/gerrit/git/af-ZA_joomla_lang/utilities/http://www.flags.net/images/largeflags/SOAF0001.GIF exists...
[2019.10.30 11:18:49][af-ZA][INFO ][403] Assuming http://www.flags.net/images/largeflags/SOAF0001.GIF is a URL
[2019.10.30 11:18:49][af-ZA][INFO ][509] Create install file list in /home/gerrit/git/af-ZA_joomla_lang/utilities/../.build/pkg_af-ZA.xml file for 'full' language pack
[2019.10.30 11:18:49][af-ZA][DEBUG][510] MkXMLInstallFileList full - filename: /home/gerrit/git/af-ZA_joomla_lang/utilities/../.build/pkg_af-ZA.xml 
[2019.10.30 11:18:49][af-ZA][INFO ][529] Create /home/gerrit/git/af-ZA_joomla_lang/utilities/../.build/pkg_af-ZA.xml header for 'full' language pack
[2019.10.30 11:18:49][af-ZA][DEBUG][530] MkXMLInstallFileFooter full - filename: /home/gerrit/git/af-ZA_joomla_lang/utilities/../.build/pkg_af-ZA.xml 
[2019.10.30 11:18:49][af-ZA][INFO ][588] Make file /home/gerrit/git/af-ZA_joomla_lang/utilities/../.build/admin_af-ZA.zip
[2019.10.30 11:18:49][af-ZA][INFO ][591] Make file site_af-ZA.zip
[2019.10.30 11:18:50][af-ZA][INFO ][595] Make file af-ZA_joomla_lang_full_3.9.12v1.zip
[2019.10.30 11:18:50][af-ZA][INFO ][605] The latest package snapshots are in the build sandbox in /home/gerrit/git/af-ZA_joomla_lang/utilities/../.build
[2019.10.30 11:18:50][af-ZA][INFO ][606] ============= END ============
[2019.10.30 11:18:50][af-ZA][INFO ][167] === END [PID 26561] on signal EXIT. Cleaning up ===
[2019.10.31 14:03:40][xx-XX][INFO ][181] === BEGIN [PID 22158] 
[2019.10.31 14:03:40][xx-XX][INFO ][184] Checking configuration file
[2019.10.31 14:03:40][xx-XX][INFO ][187] Reading configuration file configuration.sh
[2019.10.31 14:03:40][af-ZA][INFO ][209] Check sandbox directory is where this is launched from
[2019.10.31 14:03:40][af-ZA][INFO ][231] Get branch 3.9.13v1
[2019.10.31 14:03:40][af-ZA][INFO ][265] Copying Source Files from af-ZA_joomla_lang/administrator into admin
[2019.10.31 14:03:41][af-ZA][INFO ][269] Copying Source Files from af-ZA_joomla_lang/language into site
[2019.10.31 14:03:41][af-ZA][INFO ][273] Copying Source Files from af-ZA_joomla_lang/libraries into site
[2019.10.31 14:03:41][af-ZA][INFO ][275] Copying Source Files from af-ZA_joomla_lang/plugins into site
[2019.10.31 14:03:41][af-ZA][INFO ][277] Copying Source Files from af-ZA_joomla_lang/templates into site
[2019.10.31 14:03:41][af-ZA][INFO ][561] Make file /home/gerrit/git/af-ZA_joomla_lang/utilities/../.build/admin/index.html
[2019.10.31 14:03:41][af-ZA][INFO ][563] Make file /home/gerrit/git/af-ZA_joomla_lang/utilities/../.build/site/index.html
[2019.10.31 14:03:41][af-ZA][INFO ][565] Make file /home/gerrit/git/af-ZA_joomla_lang/utilities/../.build/site/af-ZA.xml
[2019.10.31 14:03:41][af-ZA][INFO ][297] Create /home/gerrit/git/af-ZA_joomla_lang/utilities/../.build/site/af-ZA.xml XML File for 'site' language pack
[2019.10.31 14:03:41][af-ZA][DEBUG][298] MkXMLInstallHeader site - filename: /home/gerrit/git/af-ZA_joomla_lang/utilities/../.build/site/af-ZA.xml 
[2019.10.31 14:03:41][af-ZA][INFO ][567] Make file /home/gerrit/git/af-ZA_joomla_lang/utilities/../.build/admin/af-ZA.xml
[2019.10.31 14:03:41][af-ZA][INFO ][297] Create /home/gerrit/git/af-ZA_joomla_lang/utilities/../.build/admin/af-ZA.xml XML File for 'admin' language pack
[2019.10.31 14:03:41][af-ZA][DEBUG][298] MkXMLInstallHeader admin - filename: /home/gerrit/git/af-ZA_joomla_lang/utilities/../.build/admin/af-ZA.xml 
[2019.10.31 14:03:41][af-ZA][INFO ][570] Make file /home/gerrit/git/af-ZA_joomla_lang/utilities/../.build/admin/install.xml
[2019.10.31 14:03:41][af-ZA][INFO ][338] Create /home/gerrit/git/af-ZA_joomla_lang/utilities/../.build/admin/install.xml XML header for 'admin' language pack
[2019.10.31 14:03:41][af-ZA][DEBUG][339] MkXMLInstallHeader admin - filename: /home/gerrit/git/af-ZA_joomla_lang/utilities/../.build/admin/install.xml 
[2019.10.31 14:03:41][af-ZA][INFO ][381] Create /home/gerrit/git/af-ZA_joomla_lang/utilities/../.build/admin/install.xml long description for 'admin' language pack
[2019.10.31 14:03:41][af-ZA][DEBUG][382] MkXMLInstallDescription admin - filename: /home/gerrit/git/af-ZA_joomla_lang/utilities/../.build/admin/install.xml 
[2019.10.31 14:03:41][af-ZA][INFO ][469] Create file list in /home/gerrit/git/af-ZA_joomla_lang/utilities/../.build/admin/install.xml file for 'admin' language pack
[2019.10.31 14:03:41][af-ZA][DEBUG][470] MkXMLInstallFileList admin - filename: /home/gerrit/git/af-ZA_joomla_lang/utilities/../.build/admin/install.xml 
[2019.10.31 14:03:41][af-ZA][INFO ][529] Create /home/gerrit/git/af-ZA_joomla_lang/utilities/../.build/admin/install.xml header for 'admin' language pack
[2019.10.31 14:03:41][af-ZA][DEBUG][530] MkXMLInstallFileFooter admin - filename: /home/gerrit/git/af-ZA_joomla_lang/utilities/../.build/admin/install.xml 
[2019.10.31 14:03:41][af-ZA][INFO ][576] Make file /home/gerrit/git/af-ZA_joomla_lang/utilities/../.build/site/install.xml
[2019.10.31 14:03:41][af-ZA][INFO ][338] Create /home/gerrit/git/af-ZA_joomla_lang/utilities/../.build/site/install.xml XML header for 'site' language pack
[2019.10.31 14:03:41][af-ZA][DEBUG][339] MkXMLInstallHeader site - filename: /home/gerrit/git/af-ZA_joomla_lang/utilities/../.build/site/install.xml 
[2019.10.31 14:03:41][af-ZA][INFO ][381] Create /home/gerrit/git/af-ZA_joomla_lang/utilities/../.build/site/install.xml long description for 'site' language pack
[2019.10.31 14:03:41][af-ZA][DEBUG][382] MkXMLInstallDescription site - filename: /home/gerrit/git/af-ZA_joomla_lang/utilities/../.build/site/install.xml 
[2019.10.31 14:03:41][af-ZA][INFO ][469] Create file list in /home/gerrit/git/af-ZA_joomla_lang/utilities/../.build/site/install.xml file for 'site' language pack
[2019.10.31 14:03:41][af-ZA][DEBUG][470] MkXMLInstallFileList site - filename: /home/gerrit/git/af-ZA_joomla_lang/utilities/../.build/site/install.xml 
[2019.10.31 14:03:42][af-ZA][INFO ][529] Create /home/gerrit/git/af-ZA_joomla_lang/utilities/../.build/site/install.xml header for 'site' language pack
[2019.10.31 14:03:42][af-ZA][DEBUG][530] MkXMLInstallFileFooter site - filename: /home/gerrit/git/af-ZA_joomla_lang/utilities/../.build/site/install.xml 
[2019.10.31 14:03:42][af-ZA][INFO ][582] Make file /home/gerrit/git/af-ZA_joomla_lang/utilities/../.build/pkg_af-ZA.xml
[2019.10.31 14:03:42][af-ZA][INFO ][338] Create /home/gerrit/git/af-ZA_joomla_lang/utilities/../.build/pkg_af-ZA.xml XML header for 'full' language pack
[2019.10.31 14:03:42][af-ZA][DEBUG][339] MkXMLInstallHeader full - filename: /home/gerrit/git/af-ZA_joomla_lang/utilities/../.build/pkg_af-ZA.xml 
[2019.10.31 14:03:42][af-ZA][INFO ][381] Create /home/gerrit/git/af-ZA_joomla_lang/utilities/../.build/pkg_af-ZA.xml long description for 'full' language pack
[2019.10.31 14:03:42][af-ZA][DEBUG][382] MkXMLInstallDescription full - filename: /home/gerrit/git/af-ZA_joomla_lang/utilities/../.build/pkg_af-ZA.xml 
[2019.10.31 14:03:42][af-ZA][INFO ][390] Checking if /home/gerrit/git/af-ZA_joomla_lang/utilities/http://www.flags.net/images/largeflags/SOAF0001.GIF exists...
[2019.10.31 14:03:42][af-ZA][INFO ][403] Assuming http://www.flags.net/images/largeflags/SOAF0001.GIF is a URL
[2019.10.31 14:03:42][af-ZA][INFO ][509] Create install file list in /home/gerrit/git/af-ZA_joomla_lang/utilities/../.build/pkg_af-ZA.xml file for 'full' language pack
[2019.10.31 14:03:42][af-ZA][DEBUG][510] MkXMLInstallFileList full - filename: /home/gerrit/git/af-ZA_joomla_lang/utilities/../.build/pkg_af-ZA.xml 
[2019.10.31 14:03:42][af-ZA][INFO ][529] Create /home/gerrit/git/af-ZA_joomla_lang/utilities/../.build/pkg_af-ZA.xml header for 'full' language pack
[2019.10.31 14:03:42][af-ZA][DEBUG][530] MkXMLInstallFileFooter full - filename: /home/gerrit/git/af-ZA_joomla_lang/utilities/../.build/pkg_af-ZA.xml 
[2019.10.31 14:03:42][af-ZA][INFO ][588] Make file /home/gerrit/git/af-ZA_joomla_lang/utilities/../.build/admin_af-ZA.zip
[2019.10.31 14:03:42][af-ZA][INFO ][591] Make file site_af-ZA.zip
[2019.10.31 14:03:42][af-ZA][INFO ][595] Make file af-ZA_joomla_lang_full_3.9.13v1.zip
[2019.10.31 14:03:42][af-ZA][INFO ][605] The latest package snapshots are in the build sandbox in /home/gerrit/git/af-ZA_joomla_lang/utilities/../.build
[2019.10.31 14:03:42][af-ZA][INFO ][606] ============= END ============
[2019.10.31 14:03:42][af-ZA][INFO ][167] === END [PID 22158] on signal EXIT. Cleaning up ===
